{"C:\\Users\\Ivan\\source\\repos\\something-like-this\\index.js": {"path":"C:\\Users\\Ivan\\source\\repos\\something-like-this\\index.js","statementMap":{"0":{"start":{"line":1,"column":14},"end":{"line":1,"column":35}},"1":{"start":{"line":2,"column":21},"end":{"line":2,"column":46}},"2":{"start":{"line":3,"column":17},"end":{"line":3,"column":38}},"3":{"start":{"line":5,"column":0},"end":{"line":18,"column":1}},"4":{"start":{"line":7,"column":8},"end":{"line":15,"column":10}},"5":{"start":{"line":9,"column":33},"end":{"line":9,"column":58}},"6":{"start":{"line":12,"column":36},"end":{"line":12,"column":80}},"7":{"start":{"line":13,"column":16},"end":{"line":13,"column":73}}},"fnMap":{"0":{"name":"(anonymous_0)","decl":{"start":{"line":6,"column":12},"end":{"line":6,"column":13}},"loc":{"start":{"line":6,"column":30},"end":{"line":16,"column":5}},"line":6},"1":{"name":"(anonymous_1)","decl":{"start":{"line":8,"column":21},"end":{"line":8,"column":22}},"loc":{"start":{"line":8,"column":40},"end":{"line":14,"column":13}},"line":8}},"branchMap":{},"s":{"0":1,"1":1,"2":1,"3":1,"4":1,"5":1,"6":1,"7":1},"f":{"0":1,"1":1},"b":{},"_coverageSchema":"1a1c01bbd47fc00a2c39e90264f33305004495a9","hash":"0bc6d4f5fc9dfad61bbb8f9b40dcc110483e0f50"}
,"C:\\Users\\Ivan\\source\\repos\\something-like-this\\matchers.js": {"path":"C:\\Users\\Ivan\\source\\repos\\something-like-this\\matchers.js","statementMap":{"0":{"start":{"line":1,"column":0},"end":{"line":83,"column":2}},"1":{"start":{"line":6,"column":16},"end":{"line":9,"column":52}},"2":{"start":{"line":11,"column":41},"end":{"line":11,"column":84}},"3":{"start":{"line":12,"column":42},"end":{"line":12,"column":86}},"4":{"start":{"line":13,"column":41},"end":{"line":13,"column":112}},"5":{"start":{"line":14,"column":40},"end":{"line":14,"column":78}},"6":{"start":{"line":16,"column":42},"end":{"line":16,"column":87}},"7":{"start":{"line":19,"column":41},"end":{"line":19,"column":65}},"8":{"start":{"line":20,"column":40},"end":{"line":20,"column":63}},"9":{"start":{"line":23,"column":16},"end":{"line":26,"column":17}},"10":{"start":{"line":24,"column":20},"end":{"line":25,"column":90}},"11":{"start":{"line":29,"column":20},"end":{"line":29,"column":73}},"12":{"start":{"line":33,"column":16},"end":{"line":33,"column":87}},"13":{"start":{"line":33,"column":32},"end":{"line":33,"column":84}},"14":{"start":{"line":36,"column":16},"end":{"line":36,"column":87}},"15":{"start":{"line":36,"column":32},"end":{"line":36,"column":84}},"16":{"start":{"line":40,"column":16},"end":{"line":40,"column":70}},"17":{"start":{"line":40,"column":35},"end":{"line":40,"column":68}},"18":{"start":{"line":44,"column":16},"end":{"line":47,"column":18}},"19":{"start":{"line":45,"column":20},"end":{"line":45,"column":69}},"20":{"start":{"line":45,"column":48},"end":{"line":45,"column":69}},"21":{"start":{"line":46,"column":20},"end":{"line":46,"column":51}},"22":{"start":{"line":54,"column":16},"end":{"line":56,"column":17}},"23":{"start":{"line":55,"column":20},"end":{"line":55,"column":52}},"24":{"start":{"line":55,"column":39},"end":{"line":55,"column":52}},"25":{"start":{"line":57,"column":16},"end":{"line":57,"column":57}},"26":{"start":{"line":59,"column":12},"end":{"line":59,"column":43}},"27":{"start":{"line":60,"column":12},"end":{"line":60,"column":28}},"28":{"start":{"line":64,"column":16},"end":{"line":66,"column":17}},"29":{"start":{"line":65,"column":20},"end":{"line":65,"column":52}},"30":{"start":{"line":65,"column":39},"end":{"line":65,"column":52}},"31":{"start":{"line":67,"column":16},"end":{"line":67,"column":57}},"32":{"start":{"line":69,"column":12},"end":{"line":69,"column":43}},"33":{"start":{"line":70,"column":12},"end":{"line":70,"column":28}},"34":{"start":{"line":73,"column":39},"end":{"line":73,"column":84}},"35":{"start":{"line":74,"column":12},"end":{"line":74,"column":43}},"36":{"start":{"line":75,"column":12},"end":{"line":75,"column":28}},"37":{"start":{"line":78,"column":39},"end":{"line":78,"column":84}},"38":{"start":{"line":79,"column":12},"end":{"line":79,"column":43}},"39":{"start":{"line":80,"column":12},"end":{"line":80,"column":28}}},"fnMap":{"0":{"name":"(anonymous_0)","decl":{"start":{"line":5,"column":20},"end":{"line":5,"column":21}},"loc":{"start":{"line":5,"column":39},"end":{"line":10,"column":13}},"line":5},"1":{"name":"(anonymous_1)","decl":{"start":{"line":11,"column":20},"end":{"line":11,"column":21}},"loc":{"start":{"line":11,"column":39},"end":{"line":11,"column":86}},"line":11},"2":{"name":"(anonymous_2)","decl":{"start":{"line":12,"column":21},"end":{"line":12,"column":22}},"loc":{"start":{"line":12,"column":40},"end":{"line":12,"column":88}},"line":12},"3":{"name":"(anonymous_3)","decl":{"start":{"line":13,"column":20},"end":{"line":13,"column":21}},"loc":{"start":{"line":13,"column":39},"end":{"line":13,"column":114}},"line":13},"4":{"name":"(anonymous_4)","decl":{"start":{"line":14,"column":19},"end":{"line":14,"column":20}},"loc":{"start":{"line":14,"column":38},"end":{"line":14,"column":80}},"line":14},"5":{"name":"(anonymous_5)","decl":{"start":{"line":16,"column":21},"end":{"line":16,"column":22}},"loc":{"start":{"line":16,"column":40},"end":{"line":16,"column":89}},"line":16},"6":{"name":"(anonymous_6)","decl":{"start":{"line":19,"column":20},"end":{"line":19,"column":21}},"loc":{"start":{"line":19,"column":39},"end":{"line":19,"column":67}},"line":19},"7":{"name":"(anonymous_7)","decl":{"start":{"line":20,"column":19},"end":{"line":20,"column":20}},"loc":{"start":{"line":20,"column":38},"end":{"line":20,"column":65}},"line":20},"8":{"name":"(anonymous_8)","decl":{"start":{"line":22,"column":30},"end":{"line":22,"column":31}},"loc":{"start":{"line":22,"column":49},"end":{"line":27,"column":13}},"line":22},"9":{"name":"(anonymous_9)","decl":{"start":{"line":23,"column":23},"end":{"line":23,"column":24}},"loc":{"start":{"line":23,"column":34},"end":{"line":26,"column":17}},"line":23},"10":{"name":"(anonymous_10)","decl":{"start":{"line":28,"column":28},"end":{"line":28,"column":29}},"loc":{"start":{"line":28,"column":39},"end":{"line":30,"column":13}},"line":28},"11":{"name":"(anonymous_11)","decl":{"start":{"line":32,"column":25},"end":{"line":32,"column":26}},"loc":{"start":{"line":32,"column":44},"end":{"line":34,"column":13}},"line":32},"12":{"name":"(anonymous_12)","decl":{"start":{"line":33,"column":23},"end":{"line":33,"column":24}},"loc":{"start":{"line":33,"column":30},"end":{"line":33,"column":86}},"line":33},"13":{"name":"(anonymous_13)","decl":{"start":{"line":35,"column":22},"end":{"line":35,"column":23}},"loc":{"start":{"line":35,"column":41},"end":{"line":37,"column":13}},"line":35},"14":{"name":"(anonymous_14)","decl":{"start":{"line":36,"column":23},"end":{"line":36,"column":24}},"loc":{"start":{"line":36,"column":30},"end":{"line":36,"column":86}},"line":36},"15":{"name":"(anonymous_15)","decl":{"start":{"line":39,"column":19},"end":{"line":39,"column":20}},"loc":{"start":{"line":39,"column":27},"end":{"line":41,"column":13}},"line":39},"16":{"name":"(anonymous_16)","decl":{"start":{"line":40,"column":23},"end":{"line":40,"column":24}},"loc":{"start":{"line":40,"column":33},"end":{"line":40,"column":70}},"line":40},"17":{"name":"(anonymous_17)","decl":{"start":{"line":43,"column":17},"end":{"line":43,"column":18}},"loc":{"start":{"line":43,"column":36},"end":{"line":48,"column":13}},"line":43},"18":{"name":"(anonymous_18)","decl":{"start":{"line":44,"column":23},"end":{"line":44,"column":24}},"loc":{"start":{"line":44,"column":34},"end":{"line":47,"column":17}},"line":44},"19":{"name":"(anonymous_19)","decl":{"start":{"line":52,"column":26},"end":{"line":52,"column":27}},"loc":{"start":{"line":52,"column":39},"end":{"line":61,"column":9}},"line":52},"20":{"name":"checkMin","decl":{"start":{"line":53,"column":21},"end":{"line":53,"column":29}},"loc":{"start":{"line":53,"column":39},"end":{"line":58,"column":13}},"line":53},"21":{"name":"(anonymous_21)","decl":{"start":{"line":62,"column":25},"end":{"line":62,"column":26}},"loc":{"start":{"line":62,"column":38},"end":{"line":71,"column":9}},"line":62},"22":{"name":"checkMax","decl":{"start":{"line":63,"column":21},"end":{"line":63,"column":29}},"loc":{"start":{"line":63,"column":39},"end":{"line":68,"column":13}},"line":63},"23":{"name":"(anonymous_23)","decl":{"start":{"line":72,"column":13},"end":{"line":72,"column":14}},"loc":{"start":{"line":72,"column":32},"end":{"line":76,"column":9}},"line":72},"24":{"name":"contains","decl":{"start":{"line":73,"column":21},"end":{"line":73,"column":29}},"loc":{"start":{"line":73,"column":37},"end":{"line":73,"column":86}},"line":73},"25":{"name":"(anonymous_25)","decl":{"start":{"line":77,"column":20},"end":{"line":77,"column":21}},"loc":{"start":{"line":77,"column":39},"end":{"line":81,"column":9}},"line":77},"26":{"name":"contains","decl":{"start":{"line":78,"column":21},"end":{"line":78,"column":29}},"loc":{"start":{"line":78,"column":37},"end":{"line":78,"column":86}},"line":78}},"branchMap":{"0":{"loc":{"start":{"line":6,"column":23},"end":{"line":9,"column":51}},"type":"binary-expr","locations":[{"start":{"line":6,"column":23},"end":{"line":6,"column":58}},{"start":{"line":7,"column":23},"end":{"line":7,"column":46}},{"start":{"line":8,"column":23},"end":{"line":8,"column":50}},{"start":{"line":9,"column":23},"end":{"line":9,"column":51}}],"line":6},"1":{"loc":{"start":{"line":13,"column":48},"end":{"line":13,"column":111}},"type":"binary-expr","locations":[{"start":{"line":13,"column":48},"end":{"line":13,"column":83}},{"start":{"line":13,"column":87},"end":{"line":13,"column":111}}],"line":13},"2":{"loc":{"start":{"line":24,"column":27},"end":{"line":25,"column":89}},"type":"binary-expr","locations":[{"start":{"line":24,"column":27},"end":{"line":24,"column":52}},{"start":{"line":25,"column":24},"end":{"line":25,"column":89}}],"line":24},"3":{"loc":{"start":{"line":29,"column":27},"end":{"line":29,"column":72}},"type":"binary-expr","locations":[{"start":{"line":29,"column":27},"end":{"line":29,"column":52}},{"start":{"line":29,"column":56},"end":{"line":29,"column":72}}],"line":29},"4":{"loc":{"start":{"line":33,"column":39},"end":{"line":33,"column":83}},"type":"binary-expr","locations":[{"start":{"line":33,"column":39},"end":{"line":33,"column":60}},{"start":{"line":33,"column":64},"end":{"line":33,"column":83}}],"line":33},"5":{"loc":{"start":{"line":36,"column":39},"end":{"line":36,"column":83}},"type":"binary-expr","locations":[{"start":{"line":36,"column":39},"end":{"line":36,"column":60}},{"start":{"line":36,"column":64},"end":{"line":36,"column":83}}],"line":36},"6":{"loc":{"start":{"line":45,"column":20},"end":{"line":45,"column":69}},"type":"if","locations":[{"start":{"line":45,"column":20},"end":{"line":45,"column":69}},{"start":{"line":45,"column":20},"end":{"line":45,"column":69}}],"line":45},"7":{"loc":{"start":{"line":55,"column":20},"end":{"line":55,"column":52}},"type":"if","locations":[{"start":{"line":55,"column":20},"end":{"line":55,"column":52}},{"start":{"line":55,"column":20},"end":{"line":55,"column":52}}],"line":55},"8":{"loc":{"start":{"line":65,"column":20},"end":{"line":65,"column":52}},"type":"if","locations":[{"start":{"line":65,"column":20},"end":{"line":65,"column":52}},{"start":{"line":65,"column":20},"end":{"line":65,"column":52}}],"line":65}},"s":{"0":3,"1":9,"2":12,"3":2,"4":1,"5":2,"6":1,"7":2,"8":1,"9":3,"10":5,"11":3,"12":5,"13":11,"14":2,"15":2,"16":2,"17":2,"18":3,"19":3,"20":1,"21":2,"22":6,"23":17,"24":2,"25":4,"26":6,"27":6,"28":3,"29":12,"30":1,"31":2,"32":3,"33":3,"34":3,"35":3,"36":3,"37":2,"38":2,"39":2},"f":{"0":9,"1":12,"2":2,"3":1,"4":2,"5":1,"6":2,"7":1,"8":3,"9":5,"10":3,"11":5,"12":11,"13":2,"14":2,"15":2,"16":2,"17":3,"18":3,"19":6,"20":6,"21":3,"22":3,"23":3,"24":3,"25":2,"26":2},"b":{"0":[9,6,5,4],"1":[1,1],"2":[5,4],"3":[3,2],"4":[11,10],"5":[2,1],"6":[1,2],"7":[2,15],"8":[1,11]},"_coverageSchema":"1a1c01bbd47fc00a2c39e90264f33305004495a9","hash":"f5aafdcc306f1d4f89899dbce7559d179a383264"}
,"C:\\Users\\Ivan\\source\\repos\\something-like-this\\objectTester.js": {"path":"C:\\Users\\Ivan\\source\\repos\\something-like-this\\objectTester.js","statementMap":{"0":{"start":{"line":1,"column":17},"end":{"line":1,"column":36}},"1":{"start":{"line":3,"column":19},"end":{"line":29,"column":1}},"2":{"start":{"line":4,"column":22},"end":{"line":4,"column":24}},"3":{"start":{"line":5,"column":4},"end":{"line":26,"column":5}},"4":{"start":{"line":6,"column":23},"end":{"line":6,"column":48}},"5":{"start":{"line":7,"column":8},"end":{"line":25,"column":9}},"6":{"start":{"line":8,"column":12},"end":{"line":20,"column":13}},"7":{"start":{"line":9,"column":16},"end":{"line":15,"column":17}},"8":{"start":{"line":10,"column":20},"end":{"line":10,"column":106}},"9":{"start":{"line":10,"column":48},"end":{"line":10,"column":106}},"10":{"start":{"line":12,"column":20},"end":{"line":14,"column":23}},"11":{"start":{"line":13,"column":24},"end":{"line":13,"column":85}},"12":{"start":{"line":13,"column":51},"end":{"line":13,"column":85}},"13":{"start":{"line":17,"column":16},"end":{"line":19,"column":19}},"14":{"start":{"line":18,"column":20},"end":{"line":18,"column":81}},"15":{"start":{"line":18,"column":47},"end":{"line":18,"column":81}},"16":{"start":{"line":22,"column":12},"end":{"line":24,"column":13}},"17":{"start":{"line":23,"column":16},"end":{"line":23,"column":61}},"18":{"start":{"line":28,"column":4},"end":{"line":28,"column":23}},"19":{"start":{"line":31,"column":0},"end":{"line":31,"column":28}}},"fnMap":{"0":{"name":"(anonymous_0)","decl":{"start":{"line":3,"column":19},"end":{"line":3,"column":20}},"loc":{"start":{"line":3,"column":37},"end":{"line":29,"column":1}},"line":3},"1":{"name":"(anonymous_1)","decl":{"start":{"line":12,"column":35},"end":{"line":12,"column":36}},"loc":{"start":{"line":12,"column":44},"end":{"line":14,"column":21}},"line":12},"2":{"name":"(anonymous_2)","decl":{"start":{"line":17,"column":31},"end":{"line":17,"column":32}},"loc":{"start":{"line":17,"column":40},"end":{"line":19,"column":17}},"line":17}},"branchMap":{"0":{"loc":{"start":{"line":7,"column":8},"end":{"line":25,"column":9}},"type":"if","locations":[{"start":{"line":7,"column":8},"end":{"line":25,"column":9}},{"start":{"line":7,"column":8},"end":{"line":25,"column":9}}],"line":7},"1":{"loc":{"start":{"line":8,"column":12},"end":{"line":20,"column":13}},"type":"if","locations":[{"start":{"line":8,"column":12},"end":{"line":20,"column":13}},{"start":{"line":8,"column":12},"end":{"line":20,"column":13}}],"line":8},"2":{"loc":{"start":{"line":9,"column":16},"end":{"line":15,"column":17}},"type":"if","locations":[{"start":{"line":9,"column":16},"end":{"line":15,"column":17}},{"start":{"line":9,"column":16},"end":{"line":15,"column":17}}],"line":9},"3":{"loc":{"start":{"line":10,"column":20},"end":{"line":10,"column":106}},"type":"if","locations":[{"start":{"line":10,"column":20},"end":{"line":10,"column":106}},{"start":{"line":10,"column":20},"end":{"line":10,"column":106}}],"line":10},"4":{"loc":{"start":{"line":13,"column":24},"end":{"line":13,"column":85}},"type":"if","locations":[{"start":{"line":13,"column":24},"end":{"line":13,"column":85}},{"start":{"line":13,"column":24},"end":{"line":13,"column":85}}],"line":13},"5":{"loc":{"start":{"line":18,"column":20},"end":{"line":18,"column":81}},"type":"if","locations":[{"start":{"line":18,"column":20},"end":{"line":18,"column":81}},{"start":{"line":18,"column":20},"end":{"line":18,"column":81}}],"line":18},"6":{"loc":{"start":{"line":22,"column":12},"end":{"line":24,"column":13}},"type":"if","locations":[{"start":{"line":22,"column":12},"end":{"line":24,"column":13}},{"start":{"line":22,"column":12},"end":{"line":24,"column":13}}],"line":22}},"s":{"0":2,"1":2,"2":6,"3":6,"4":16,"5":16,"6":14,"7":12,"8":3,"9":1,"10":9,"11":23,"12":3,"13":2,"14":2,"15":1,"16":2,"17":1,"18":6,"19":2},"f":{"0":6,"1":23,"2":2},"b":{"0":[14,2],"1":[12,2],"2":[3,9],"3":[1,2],"4":[3,20],"5":[1,1],"6":[1,1]},"_coverageSchema":"1a1c01bbd47fc00a2c39e90264f33305004495a9","hash":"ef2d99baccbd31b1a88e2e79c5c7f42c9c7a56e5"}
}
