TN:
SF:index.js
FN:6,(anonymous_0)
FN:8,(anonymous_1)
FNF:2
FNH:2
FNDA:1,(anonymous_0)
FNDA:1,(anonymous_1)
DA:1,1
DA:2,1
DA:3,1
DA:5,1
DA:7,1
DA:9,1
DA:12,1
DA:13,1
LF:8
LH:8
BRF:0
BRH:0
end_of_record
TN:
SF:matchers.js
FN:5,(anonymous_0)
FN:11,(anonymous_1)
FN:12,(anonymous_2)
FN:13,(anonymous_3)
FN:14,(anonymous_4)
FN:16,(anonymous_5)
FN:19,(anonymous_6)
FN:20,(anonymous_7)
FN:22,(anonymous_8)
FN:23,(anonymous_9)
FN:28,(anonymous_10)
FN:32,(anonymous_11)
FN:33,(anonymous_12)
FN:35,(anonymous_13)
FN:36,(anonymous_14)
FN:39,(anonymous_15)
FN:40,(anonymous_16)
FN:43,(anonymous_17)
FN:44,(anonymous_18)
FN:52,(anonymous_19)
FN:53,checkMin
FN:62,(anonymous_21)
FN:63,checkMax
FN:72,(anonymous_23)
FN:73,contains
FN:77,(anonymous_25)
FN:78,contains
FNF:27
FNH:27
FNDA:9,(anonymous_0)
FNDA:12,(anonymous_1)
FNDA:2,(anonymous_2)
FNDA:1,(anonymous_3)
FNDA:2,(anonymous_4)
FNDA:1,(anonymous_5)
FNDA:2,(anonymous_6)
FNDA:1,(anonymous_7)
FNDA:3,(anonymous_8)
FNDA:5,(anonymous_9)
FNDA:3,(anonymous_10)
FNDA:5,(anonymous_11)
FNDA:11,(anonymous_12)
FNDA:2,(anonymous_13)
FNDA:2,(anonymous_14)
FNDA:2,(anonymous_15)
FNDA:2,(anonymous_16)
FNDA:3,(anonymous_17)
FNDA:3,(anonymous_18)
FNDA:6,(anonymous_19)
FNDA:6,checkMin
FNDA:3,(anonymous_21)
FNDA:3,checkMax
FNDA:3,(anonymous_23)
FNDA:3,contains
FNDA:2,(anonymous_25)
FNDA:2,contains
DA:1,3
DA:6,9
DA:11,12
DA:12,2
DA:13,1
DA:14,2
DA:16,1
DA:19,2
DA:20,1
DA:23,3
DA:24,5
DA:29,3
DA:33,11
DA:36,2
DA:40,2
DA:44,3
DA:45,3
DA:46,2
DA:54,6
DA:55,17
DA:57,4
DA:59,6
DA:60,6
DA:64,3
DA:65,12
DA:67,2
DA:69,3
DA:70,3
DA:73,3
DA:74,3
DA:75,3
DA:78,2
DA:79,2
DA:80,2
LF:34
LH:34
BRDA:6,0,0,9
BRDA:6,0,1,6
BRDA:6,0,2,5
BRDA:6,0,3,4
BRDA:13,1,0,1
BRDA:13,1,1,1
BRDA:24,2,0,5
BRDA:24,2,1,4
BRDA:29,3,0,3
BRDA:29,3,1,2
BRDA:33,4,0,11
BRDA:33,4,1,10
BRDA:36,5,0,2
BRDA:36,5,1,1
BRDA:45,6,0,1
BRDA:45,6,1,2
BRDA:55,7,0,2
BRDA:55,7,1,15
BRDA:65,8,0,1
BRDA:65,8,1,11
BRF:20
BRH:20
end_of_record
TN:
SF:objectTester.js
FN:3,(anonymous_0)
FN:12,(anonymous_1)
FN:17,(anonymous_2)
FNF:3
FNH:3
FNDA:6,(anonymous_0)
FNDA:23,(anonymous_1)
FNDA:2,(anonymous_2)
DA:1,2
DA:3,2
DA:4,6
DA:5,6
DA:6,16
DA:7,16
DA:8,14
DA:9,12
DA:10,3
DA:12,9
DA:13,23
DA:17,2
DA:18,2
DA:22,2
DA:23,1
DA:28,6
DA:31,2
LF:17
LH:17
BRDA:7,0,0,14
BRDA:7,0,1,2
BRDA:8,1,0,12
BRDA:8,1,1,2
BRDA:9,2,0,3
BRDA:9,2,1,9
BRDA:10,3,0,1
BRDA:10,3,1,2
BRDA:13,4,0,3
BRDA:13,4,1,20
BRDA:18,5,0,1
BRDA:18,5,1,1
BRDA:22,6,0,1
BRDA:22,6,1,1
BRF:14
BRH:14
end_of_record
